{"/home/ron/JS/Workspace/cv-webapp/client/src/app.js": {"path":"/home/ron/JS/Workspace/cv-webapp/client/src/app.js","statementMap":{"0":{"start":{"line":21,"column":15},"end":{"line":21,"column":38}},"1":{"start":{"line":23,"column":15},"end":{"line":30,"column":3}},"2":{"start":{"line":24,"column":2},"end":{"line":30,"column":3}},"3":{"start":{"line":32,"column":12},"end":{"line":164,"column":1}},"4":{"start":{"line":33,"column":26},"end":{"line":33,"column":45}},"5":{"start":{"line":34,"column":32},"end":{"line":34,"column":51}},"6":{"start":{"line":35,"column":32},"end":{"line":35,"column":51}},"7":{"start":{"line":36,"column":41},"end":{"line":36,"column":62}},"8":{"start":{"line":38,"column":27},"end":{"line":38,"column":43}},"9":{"start":{"line":43,"column":23},"end":{"line":60,"column":3}},"10":{"start":{"line":44,"column":4},"end":{"line":59,"column":5}},"11":{"start":{"line":45,"column":23},"end":{"line":48,"column":8}},"12":{"start":{"line":50,"column":6},"end":{"line":50,"column":34}},"13":{"start":{"line":51,"column":6},"end":{"line":51,"column":63}},"14":{"start":{"line":52,"column":6},"end":{"line":52,"column":34}},"15":{"start":{"line":53,"column":6},"end":{"line":53,"column":40}},"16":{"start":{"line":54,"column":6},"end":{"line":54,"column":40}},"17":{"start":{"line":56,"column":6},"end":{"line":56,"column":46}},"18":{"start":{"line":58,"column":6},"end":{"line":58,"column":32}},"19":{"start":{"line":74,"column":2},"end":{"line":80,"column":3}},"20":{"start":{"line":75,"column":4},"end":{"line":79,"column":6}},"21":{"start":{"line":82,"column":2},"end":{"line":163,"column":4}},"22":{"start":{"line":85,"column":51},"end":{"line":85,"column":76}},"23":{"start":{"line":92,"column":12},"end":{"line":92,"column":44}},"24":{"start":{"line":93,"column":12},"end":{"line":93,"column":41}}},"fnMap":{"0":{"name":"(anonymous_0)","decl":{"start":{"line":23,"column":15},"end":{"line":23,"column":16}},"loc":{"start":{"line":24,"column":2},"end":{"line":30,"column":3}},"line":24},"1":{"name":"(anonymous_1)","decl":{"start":{"line":32,"column":12},"end":{"line":32,"column":13}},"loc":{"start":{"line":32,"column":18},"end":{"line":164,"column":1}},"line":32},"2":{"name":"(anonymous_2)","decl":{"start":{"line":43,"column":23},"end":{"line":43,"column":24}},"loc":{"start":{"line":43,"column":35},"end":{"line":60,"column":3}},"line":43},"3":{"name":"(anonymous_3)","decl":{"start":{"line":85,"column":45},"end":{"line":85,"column":46}},"loc":{"start":{"line":85,"column":51},"end":{"line":85,"column":76}},"line":85},"4":{"name":"(anonymous_4)","decl":{"start":{"line":91,"column":19},"end":{"line":91,"column":20}},"loc":{"start":{"line":91,"column":25},"end":{"line":94,"column":11}},"line":91}},"branchMap":{"0":{"loc":{"start":{"line":24,"column":2},"end":{"line":30,"column":3}},"type":"binary-expr","locations":[{"start":{"line":24,"column":2},"end":{"line":24,"column":20}},{"start":{"line":24,"column":24},"end":{"line":30,"column":3}}],"line":24},"1":{"loc":{"start":{"line":74,"column":2},"end":{"line":80,"column":3}},"type":"if","locations":[{"start":{"line":74,"column":2},"end":{"line":80,"column":3}},{"start":{"line":74,"column":2},"end":{"line":80,"column":3}}],"line":74},"2":{"loc":{"start":{"line":152,"column":7},"end":{"line":161,"column":7}},"type":"cond-expr","locations":[{"start":{"line":153,"column":8},"end":{"line":158,"column":13}},{"start":{"line":160,"column":8},"end":{"line":160,"column":19}}],"line":152}},"s":{"0":0,"1":0,"2":0,"3":0,"4":0,"5":0,"6":0,"7":0,"8":0,"9":0,"10":0,"11":0,"12":0,"13":0,"14":0,"15":0,"16":0,"17":0,"18":0,"19":0,"20":0,"21":0,"22":0,"23":0,"24":0},"f":{"0":0,"1":0,"2":0,"3":0,"4":0},"b":{"0":[0,0],"1":[0,0],"2":[0,0]},"hash":"84eb00b81bdfc9dc03ee5150265e5748608f05fb"}
,"/home/ron/JS/Workspace/cv-webapp/client/src/components/ScreenLogin.js": {"path":"/home/ron/JS/Workspace/cv-webapp/client/src/components/ScreenLogin.js","statementMap":{"0":{"start":{"line":18,"column":20},"end":{"line":100,"column":1}},"1":{"start":{"line":19,"column":27},"end":{"line":19,"column":50}},"2":{"start":{"line":21,"column":21},"end":{"line":21,"column":51}},"3":{"start":{"line":22,"column":24},"end":{"line":22,"column":49}},"4":{"start":{"line":24,"column":23},"end":{"line":32,"column":3}},"5":{"start":{"line":25,"column":4},"end":{"line":25,"column":23}},"6":{"start":{"line":26,"column":4},"end":{"line":31,"column":6}},"7":{"start":{"line":34,"column":2},"end":{"line":99,"column":4}}},"fnMap":{"0":{"name":"(anonymous_0)","decl":{"start":{"line":18,"column":20},"end":{"line":18,"column":21}},"loc":{"start":{"line":18,"column":26},"end":{"line":100,"column":1}},"line":18},"1":{"name":"(anonymous_1)","decl":{"start":{"line":24,"column":23},"end":{"line":24,"column":24}},"loc":{"start":{"line":24,"column":28},"end":{"line":32,"column":3}},"line":24}},"branchMap":{},"s":{"0":0,"1":0,"2":0,"3":0,"4":0,"5":0,"6":0,"7":0},"f":{"0":0,"1":0},"b":{},"hash":"2ae174e48813e857544c1c614698139490cd80e3"}
,"/home/ron/JS/Workspace/cv-webapp/client/src/components/SectionCourses.js": {"path":"/home/ron/JS/Workspace/cv-webapp/client/src/components/SectionCourses.js","statementMap":{"0":{"start":{"line":9,"column":26},"end":{"line":9,"column":62}},"1":{"start":{"line":9,"column":37},"end":{"line":9,"column":61}},"2":{"start":{"line":11,"column":23},"end":{"line":21,"column":1}},"3":{"start":{"line":12,"column":2},"end":{"line":20,"column":12}},"4":{"start":{"line":18,"column":25},"end":{"line":18,"column":72}},"5":{"start":{"line":23,"column":0},"end":{"line":25,"column":2}},"6":{"start":{"line":27,"column":0},"end":{"line":31,"column":2}}},"fnMap":{"0":{"name":"(anonymous_0)","decl":{"start":{"line":9,"column":26},"end":{"line":9,"column":27}},"loc":{"start":{"line":9,"column":37},"end":{"line":9,"column":61}},"line":9},"1":{"name":"(anonymous_1)","decl":{"start":{"line":11,"column":23},"end":{"line":11,"column":24}},"loc":{"start":{"line":12,"column":2},"end":{"line":20,"column":12}},"line":12},"2":{"name":"(anonymous_2)","decl":{"start":{"line":18,"column":15},"end":{"line":18,"column":16}},"loc":{"start":{"line":18,"column":25},"end":{"line":18,"column":72}},"line":18}},"branchMap":{"0":{"loc":{"start":{"line":9,"column":37},"end":{"line":9,"column":61}},"type":"cond-expr","locations":[{"start":{"line":9,"column":55},"end":{"line":9,"column":56}},{"start":{"line":9,"column":59},"end":{"line":9,"column":61}}],"line":9},"1":{"loc":{"start":{"line":15,"column":7},"end":{"line":18,"column":73}},"type":"binary-expr","locations":[{"start":{"line":15,"column":7},"end":{"line":15,"column":14}},{"start":{"line":16,"column":8},"end":{"line":18,"column":73}}],"line":15}},"s":{"0":1,"1":24,"2":1,"3":6,"4":25,"5":1,"6":1},"f":{"0":24,"1":6,"2":25},"b":{"0":[20,4],"1":[6,6]},"_coverageSchema":"43e27e138ebf9cfc5966b082cf9a028302ed4184","hash":"c8382cb785128cf73adc129baca69c7face3402d"}
,"/home/ron/JS/Workspace/cv-webapp/client/src/components/SectionJobs.js": {"path":"/home/ron/JS/Workspace/cv-webapp/client/src/components/SectionJobs.js","statementMap":{"0":{"start":{"line":13,"column":20},"end":{"line":29,"column":1}},"1":{"start":{"line":14,"column":2},"end":{"line":28,"column":12}},"2":{"start":{"line":21,"column":12},"end":{"line":25,"column":14}},"3":{"start":{"line":31,"column":0},"end":{"line":33,"column":2}},"4":{"start":{"line":35,"column":0},"end":{"line":39,"column":2}}},"fnMap":{"0":{"name":"(anonymous_0)","decl":{"start":{"line":13,"column":20},"end":{"line":13,"column":21}},"loc":{"start":{"line":14,"column":2},"end":{"line":28,"column":12}},"line":14},"1":{"name":"(anonymous_1)","decl":{"start":{"line":20,"column":15},"end":{"line":20,"column":16}},"loc":{"start":{"line":21,"column":12},"end":{"line":25,"column":14}},"line":21}},"branchMap":{"0":{"loc":{"start":{"line":17,"column":7},"end":{"line":26,"column":12}},"type":"binary-expr","locations":[{"start":{"line":17,"column":7},"end":{"line":17,"column":11}},{"start":{"line":18,"column":8},"end":{"line":26,"column":12}}],"line":17}},"s":{"0":1,"1":5,"2":8,"3":1,"4":1},"f":{"0":5,"1":8},"b":{"0":[5,5]},"_coverageSchema":"43e27e138ebf9cfc5966b082cf9a028302ed4184","hash":"63eb55b65228c1c2bca1ac937873f108bf1d48a6"}
,"/home/ron/JS/Workspace/cv-webapp/client/src/components/SectionStudies.js": {"path":"/home/ron/JS/Workspace/cv-webapp/client/src/components/SectionStudies.js","statementMap":{"0":{"start":{"line":10,"column":23},"end":{"line":20,"column":1}},"1":{"start":{"line":11,"column":2},"end":{"line":19,"column":12}},"2":{"start":{"line":17,"column":24},"end":{"line":17,"column":67}},"3":{"start":{"line":22,"column":0},"end":{"line":24,"column":2}},"4":{"start":{"line":26,"column":0},"end":{"line":30,"column":2}}},"fnMap":{"0":{"name":"(anonymous_0)","decl":{"start":{"line":10,"column":23},"end":{"line":10,"column":24}},"loc":{"start":{"line":11,"column":2},"end":{"line":19,"column":12}},"line":11},"1":{"name":"(anonymous_1)","decl":{"start":{"line":17,"column":15},"end":{"line":17,"column":16}},"loc":{"start":{"line":17,"column":24},"end":{"line":17,"column":67}},"line":17}},"branchMap":{"0":{"loc":{"start":{"line":14,"column":7},"end":{"line":17,"column":68}},"type":"binary-expr","locations":[{"start":{"line":14,"column":7},"end":{"line":14,"column":14}},{"start":{"line":15,"column":8},"end":{"line":17,"column":68}}],"line":14}},"s":{"0":1,"1":6,"2":15,"3":1,"4":1},"f":{"0":6,"1":15},"b":{"0":[6,6]},"_coverageSchema":"43e27e138ebf9cfc5966b082cf9a028302ed4184","hash":"110ae8f4211b378f8007ae0b37b02849fa7619af"}
,"/home/ron/JS/Workspace/cv-webapp/client/src/contexts/auth.js": {"path":"/home/ron/JS/Workspace/cv-webapp/client/src/contexts/auth.js","statementMap":{"0":{"start":{"line":3,"column":20},"end":{"line":3,"column":49}}},"fnMap":{},"branchMap":{},"s":{"0":0},"f":{},"b":{},"hash":"d323956596b01834a7da596b463a2a74b17799a3"}
,"/home/ron/JS/Workspace/cv-webapp/client/src/hooks/useAuthHandler.js": {"path":"/home/ron/JS/Workspace/cv-webapp/client/src/hooks/useAuthHandler.js","statementMap":{"0":{"start":{"line":5,"column":15},"end":{"line":5,"column":38}},"1":{"start":{"line":7,"column":23},"end":{"line":13,"column":1}},"2":{"start":{"line":15,"column":23},"end":{"line":33,"column":1}},"3":{"start":{"line":16,"column":2},"end":{"line":32,"column":3}},"4":{"start":{"line":18,"column":6},"end":{"line":22,"column":8}},"5":{"start":{"line":25,"column":6},"end":{"line":29,"column":8}},"6":{"start":{"line":31,"column":6},"end":{"line":31,"column":18}},"7":{"start":{"line":35,"column":20},"end":{"line":39,"column":1}},"8":{"start":{"line":41,"column":21},"end":{"line":44,"column":2}},"9":{"start":{"line":41,"column":37},"end":{"line":44,"column":1}},"10":{"start":{"line":46,"column":22},"end":{"line":49,"column":2}},"11":{"start":{"line":46,"column":32},"end":{"line":49,"column":1}},"12":{"start":{"line":52,"column":26},"end":{"line":52,"column":47}},"13":{"start":{"line":53,"column":42},"end":{"line":53,"column":56}},"14":{"start":{"line":54,"column":37},"end":{"line":54,"column":79}},"15":{"start":{"line":56,"column":2},"end":{"line":60,"column":16}},"16":{"start":{"line":57,"column":4},"end":{"line":59,"column":5}},"17":{"start":{"line":58,"column":6},"end":{"line":58,"column":28}},"18":{"start":{"line":63,"column":4},"end":{"line":85,"column":5}},"19":{"start":{"line":64,"column":6},"end":{"line":84,"column":7}},"20":{"start":{"line":65,"column":8},"end":{"line":68,"column":11}},"21":{"start":{"line":69,"column":8},"end":{"line":69,"column":32}},"22":{"start":{"line":71,"column":25},"end":{"line":71,"column":51}},"23":{"start":{"line":72,"column":8},"end":{"line":76,"column":11}},"24":{"start":{"line":77,"column":8},"end":{"line":77,"column":31}},"25":{"start":{"line":79,"column":8},"end":{"line":82,"column":11}},"26":{"start":{"line":83,"column":8},"end":{"line":83,"column":31}},"27":{"start":{"line":89,"column":4},"end":{"line":107,"column":5}},"28":{"start":{"line":90,"column":23},"end":{"line":90,"column":65}},"29":{"start":{"line":92,"column":6},"end":{"line":92,"column":33}},"30":{"start":{"line":95,"column":6},"end":{"line":100,"column":9}},"31":{"start":{"line":104,"column":6},"end":{"line":104,"column":27}},"32":{"start":{"line":106,"column":6},"end":{"line":106,"column":23}},"33":{"start":{"line":110,"column":2},"end":{"line":110,"column":33}}},"fnMap":{"0":{"name":"(anonymous_0)","decl":{"start":{"line":15,"column":23},"end":{"line":15,"column":24}},"loc":{"start":{"line":15,"column":42},"end":{"line":33,"column":1}},"line":15},"1":{"name":"(anonymous_1)","decl":{"start":{"line":41,"column":21},"end":{"line":41,"column":22}},"loc":{"start":{"line":41,"column":37},"end":{"line":44,"column":1}},"line":41},"2":{"name":"(anonymous_2)","decl":{"start":{"line":46,"column":22},"end":{"line":46,"column":23}},"loc":{"start":{"line":46,"column":32},"end":{"line":49,"column":1}},"line":46},"3":{"name":"useAuthHandler","decl":{"start":{"line":51,"column":9},"end":{"line":51,"column":23}},"loc":{"start":{"line":51,"column":26},"end":{"line":111,"column":1}},"line":51},"4":{"name":"(anonymous_4)","decl":{"start":{"line":56,"column":12},"end":{"line":56,"column":13}},"loc":{"start":{"line":56,"column":18},"end":{"line":60,"column":3}},"line":56},"5":{"name":"_makeRequest","decl":{"start":{"line":62,"column":17},"end":{"line":62,"column":29}},"loc":{"start":{"line":62,"column":45},"end":{"line":86,"column":3}},"line":62},"6":{"name":"login","decl":{"start":{"line":88,"column":17},"end":{"line":88,"column":22}},"loc":{"start":{"line":88,"column":25},"end":{"line":108,"column":3}},"line":88}},"branchMap":{"0":{"loc":{"start":{"line":16,"column":2},"end":{"line":32,"column":3}},"type":"switch","locations":[{"start":{"line":17,"column":4},"end":{"line":22,"column":8}},{"start":{"line":24,"column":4},"end":{"line":29,"column":8}},{"start":{"line":30,"column":4},"end":{"line":31,"column":18}}],"line":16},"1":{"loc":{"start":{"line":57,"column":4},"end":{"line":59,"column":5}},"type":"if","locations":[{"start":{"line":57,"column":4},"end":{"line":59,"column":5}},{"start":{"line":57,"column":4},"end":{"line":59,"column":5}}],"line":57},"2":{"loc":{"start":{"line":63,"column":4},"end":{"line":85,"column":5}},"type":"if","locations":[{"start":{"line":63,"column":4},"end":{"line":85,"column":5}},{"start":{"line":63,"column":4},"end":{"line":85,"column":5}}],"line":63}},"s":{"0":0,"1":0,"2":0,"3":0,"4":0,"5":0,"6":0,"7":0,"8":0,"9":0,"10":0,"11":0,"12":0,"13":0,"14":0,"15":0,"16":0,"17":0,"18":0,"19":0,"20":0,"21":0,"22":0,"23":0,"24":0,"25":0,"26":0,"27":0,"28":0,"29":0,"30":0,"31":0,"32":0,"33":0},"f":{"0":0,"1":0,"2":0,"3":0,"4":0,"5":0,"6":0},"b":{"0":[0,0,0],"1":[0,0],"2":[0,0]},"hash":"4be1f9fb5f35732aecb8db18e08072f0697cbb52"}
,"/home/ron/JS/Workspace/cv-webapp/client/src/hooks/useFileLoader.js": {"path":"/home/ron/JS/Workspace/cv-webapp/client/src/hooks/useFileLoader.js","statementMap":{"0":{"start":{"line":80,"column":22},"end":{"line":115,"column":1}},"1":{"start":{"line":81,"column":26},"end":{"line":81,"column":40}},"2":{"start":{"line":82,"column":19},"end":{"line":82,"column":59}},"3":{"start":{"line":84,"column":18},"end":{"line":98,"column":3}},"4":{"start":{"line":85,"column":4},"end":{"line":97,"column":5}},"5":{"start":{"line":86,"column":23},"end":{"line":90,"column":8}},"6":{"start":{"line":91,"column":22},"end":{"line":91,"column":75}},"7":{"start":{"line":92,"column":6},"end":{"line":92,"column":23}},"8":{"start":{"line":93,"column":6},"end":{"line":93,"column":21}},"9":{"start":{"line":95,"column":6},"end":{"line":95,"column":64}},"10":{"start":{"line":96,"column":6},"end":{"line":96,"column":21}},"11":{"start":{"line":100,"column":21},"end":{"line":112,"column":3}},"12":{"start":{"line":101,"column":4},"end":{"line":111,"column":5}},"13":{"start":{"line":102,"column":6},"end":{"line":106,"column":9}},"14":{"start":{"line":107,"column":6},"end":{"line":107,"column":20}},"15":{"start":{"line":109,"column":6},"end":{"line":109,"column":23}},"16":{"start":{"line":114,"column":2},"end":{"line":114,"column":37}}},"fnMap":{"0":{"name":"(anonymous_0)","decl":{"start":{"line":80,"column":22},"end":{"line":80,"column":23}},"loc":{"start":{"line":80,"column":33},"end":{"line":115,"column":1}},"line":80},"1":{"name":"(anonymous_1)","decl":{"start":{"line":84,"column":18},"end":{"line":84,"column":19}},"loc":{"start":{"line":84,"column":31},"end":{"line":98,"column":3}},"line":84},"2":{"name":"(anonymous_2)","decl":{"start":{"line":100,"column":21},"end":{"line":100,"column":22}},"loc":{"start":{"line":100,"column":43},"end":{"line":112,"column":3}},"line":100}},"branchMap":{},"s":{"0":1,"1":10,"2":10,"3":10,"4":3,"5":3,"6":3,"7":3,"8":3,"9":0,"10":0,"11":10,"12":3,"13":3,"14":3,"15":0,"16":10},"f":{"0":10,"1":3,"2":3},"b":{},"_coverageSchema":"43e27e138ebf9cfc5966b082cf9a028302ed4184","hash":"54e934194a3be59bf553735739527250fff4f3e0"}
,"/home/ron/JS/Workspace/cv-webapp/client/src/hooks/useInputField.js": {"path":"/home/ron/JS/Workspace/cv-webapp/client/src/hooks/useInputField.js","statementMap":{"0":{"start":{"line":3,"column":22},"end":{"line":17,"column":1}},"1":{"start":{"line":4,"column":28},"end":{"line":4,"column":40}},"2":{"start":{"line":6,"column":19},"end":{"line":9,"column":3}},"3":{"start":{"line":7,"column":4},"end":{"line":7,"column":23}},"4":{"start":{"line":8,"column":4},"end":{"line":8,"column":29}},"5":{"start":{"line":11,"column":2},"end":{"line":16,"column":4}}},"fnMap":{"0":{"name":"(anonymous_0)","decl":{"start":{"line":3,"column":22},"end":{"line":3,"column":23}},"loc":{"start":{"line":3,"column":30},"end":{"line":17,"column":1}},"line":3},"1":{"name":"(anonymous_1)","decl":{"start":{"line":6,"column":19},"end":{"line":6,"column":20}},"loc":{"start":{"line":6,"column":24},"end":{"line":9,"column":3}},"line":6}},"branchMap":{},"s":{"0":0,"1":0,"2":0,"3":0,"4":0,"5":0},"f":{"0":0,"1":0},"b":{},"hash":"22fa910b93b212b80a421be4f4cc31d962ec99f9"}
,"/home/ron/JS/Workspace/cv-webapp/client/src/styles/setTimelineStyles.js": {"path":"/home/ron/JS/Workspace/cv-webapp/client/src/styles/setTimelineStyles.js","statementMap":{"0":{"start":{"line":3,"column":22},"end":{"line":8,"column":1}},"1":{"start":{"line":6,"column":4},"end":{"line":6,"column":73}},"2":{"start":{"line":7,"column":2},"end":{"line":7,"column":46}},"3":{"start":{"line":7,"column":29},"end":{"line":7,"column":46}},"4":{"start":{"line":10,"column":25},"end":{"line":15,"column":1}},"5":{"start":{"line":13,"column":4},"end":{"line":13,"column":72}},"6":{"start":{"line":14,"column":2},"end":{"line":14,"column":49}},"7":{"start":{"line":14,"column":32},"end":{"line":14,"column":49}},"8":{"start":{"line":17,"column":32},"end":{"line":21,"column":1}},"9":{"start":{"line":19,"column":25},"end":{"line":19,"column":92}},"10":{"start":{"line":20,"column":2},"end":{"line":20,"column":34}},"11":{"start":{"line":20,"column":22},"end":{"line":20,"column":34}},"12":{"start":{"line":23,"column":26},"end":{"line":32,"column":1}},"13":{"start":{"line":24,"column":19},"end":{"line":24,"column":35}},"14":{"start":{"line":25,"column":19},"end":{"line":25,"column":35}},"15":{"start":{"line":27,"column":2},"end":{"line":31,"column":4}}},"fnMap":{"0":{"name":"(anonymous_0)","decl":{"start":{"line":3,"column":22},"end":{"line":3,"column":23}},"loc":{"start":{"line":3,"column":41},"end":{"line":8,"column":1}},"line":3},"1":{"name":"(anonymous_1)","decl":{"start":{"line":10,"column":25},"end":{"line":10,"column":26}},"loc":{"start":{"line":10,"column":44},"end":{"line":15,"column":1}},"line":10},"2":{"name":"(anonymous_2)","decl":{"start":{"line":17,"column":32},"end":{"line":17,"column":33}},"loc":{"start":{"line":17,"column":51},"end":{"line":21,"column":1}},"line":17},"3":{"name":"(anonymous_3)","decl":{"start":{"line":23,"column":26},"end":{"line":23,"column":27}},"loc":{"start":{"line":23,"column":49},"end":{"line":32,"column":1}},"line":23}},"branchMap":{"0":{"loc":{"start":{"line":6,"column":4},"end":{"line":6,"column":73}},"type":"binary-expr","locations":[{"start":{"line":6,"column":4},"end":{"line":6,"column":12}},{"start":{"line":6,"column":16},"end":{"line":6,"column":73}}],"line":6},"1":{"loc":{"start":{"line":7,"column":2},"end":{"line":7,"column":46}},"type":"if","locations":[{"start":{"line":7,"column":2},"end":{"line":7,"column":46}},{"start":{"line":7,"column":2},"end":{"line":7,"column":46}}],"line":7},"2":{"loc":{"start":{"line":13,"column":4},"end":{"line":13,"column":72}},"type":"binary-expr","locations":[{"start":{"line":13,"column":4},"end":{"line":13,"column":12}},{"start":{"line":13,"column":16},"end":{"line":13,"column":72}}],"line":13},"3":{"loc":{"start":{"line":14,"column":2},"end":{"line":14,"column":49}},"type":"if","locations":[{"start":{"line":14,"column":2},"end":{"line":14,"column":49}},{"start":{"line":14,"column":2},"end":{"line":14,"column":49}}],"line":14},"4":{"loc":{"start":{"line":19,"column":25},"end":{"line":19,"column":92}},"type":"binary-expr","locations":[{"start":{"line":19,"column":25},"end":{"line":19,"column":33}},{"start":{"line":19,"column":37},"end":{"line":19,"column":92}}],"line":19},"5":{"loc":{"start":{"line":20,"column":2},"end":{"line":20,"column":34}},"type":"if","locations":[{"start":{"line":20,"column":2},"end":{"line":20,"column":34}},{"start":{"line":20,"column":2},"end":{"line":20,"column":34}}],"line":20}},"s":{"0":1,"1":8,"2":8,"3":4,"4":1,"5":8,"6":8,"7":4,"8":1,"9":8,"10":8,"11":0,"12":1,"13":8,"14":8,"15":8},"f":{"0":8,"1":8,"2":8,"3":8},"b":{"0":[8,4],"1":[4,4],"2":[8,4],"3":[4,4],"4":[8,4],"5":[0,8]},"_coverageSchema":"43e27e138ebf9cfc5966b082cf9a028302ed4184","hash":"fe0c468e1c54687c0b2db6ed4695c83cc71d3fd4"}
,"/home/ron/JS/Workspace/cv-webapp/client/src/tests/testUtils.js": {"path":"/home/ron/JS/Workspace/cv-webapp/client/src/tests/testUtils.js","statementMap":{"0":{"start":{"line":12,"column":26},"end":{"line":15,"column":1}},"1":{"start":{"line":13,"column":20},"end":{"line":13,"column":96}},"2":{"start":{"line":14,"column":2},"end":{"line":14,"column":36}},"3":{"start":{"line":24,"column":30},"end":{"line":24,"column":84}},"4":{"start":{"line":24,"column":48},"end":{"line":24,"column":84}},"5":{"start":{"line":26,"column":17},"end":{"line":29,"column":1}},"6":{"start":{"line":27,"column":2},"end":{"line":27,"column":13}},"7":{"start":{"line":28,"column":2},"end":{"line":28,"column":14}},"8":{"start":{"line":31,"column":24},"end":{"line":33,"column":1}},"9":{"start":{"line":32,"column":2},"end":{"line":32,"column":42}}},"fnMap":{"0":{"name":"(anonymous_0)","decl":{"start":{"line":12,"column":26},"end":{"line":12,"column":27}},"loc":{"start":{"line":12,"column":58},"end":{"line":15,"column":1}},"line":12},"1":{"name":"(anonymous_1)","decl":{"start":{"line":24,"column":30},"end":{"line":24,"column":31}},"loc":{"start":{"line":24,"column":48},"end":{"line":24,"column":84}},"line":24},"2":{"name":"(anonymous_2)","decl":{"start":{"line":26,"column":17},"end":{"line":26,"column":18}},"loc":{"start":{"line":26,"column":35},"end":{"line":29,"column":1}},"line":26},"3":{"name":"(anonymous_3)","decl":{"start":{"line":31,"column":24},"end":{"line":31,"column":25}},"loc":{"start":{"line":31,"column":36},"end":{"line":33,"column":1}},"line":31}},"branchMap":{},"s":{"0":1,"1":0,"2":0,"3":1,"4":0,"5":1,"6":10,"7":10,"8":1,"9":7},"f":{"0":0,"1":0,"2":10,"3":7},"b":{},"_coverageSchema":"43e27e138ebf9cfc5966b082cf9a028302ed4184","hash":"05b27dd93148b25c93f9eaecbd71244599e54f3e"}
,"/home/ron/JS/Workspace/cv-webapp/client/src/utils/compare.js": {"path":"/home/ron/JS/Workspace/cv-webapp/client/src/utils/compare.js","statementMap":{"0":{"start":{"line":3,"column":32},"end":{"line":11,"column":1}},"1":{"start":{"line":4,"column":23},"end":{"line":4,"column":58}},"2":{"start":{"line":5,"column":23},"end":{"line":5,"column":58}},"3":{"start":{"line":7,"column":21},"end":{"line":7,"column":39}},"4":{"start":{"line":8,"column":22},"end":{"line":8,"column":33}},"5":{"start":{"line":10,"column":2},"end":{"line":10,"column":80}}},"fnMap":{"0":{"name":"(anonymous_0)","decl":{"start":{"line":3,"column":32},"end":{"line":3,"column":33}},"loc":{"start":{"line":3,"column":61},"end":{"line":11,"column":1}},"line":3}},"branchMap":{"0":{"loc":{"start":{"line":3,"column":39},"end":{"line":3,"column":56}},"type":"default-arg","locations":[{"start":{"line":3,"column":52},"end":{"line":3,"column":56}}],"line":3},"1":{"loc":{"start":{"line":4,"column":23},"end":{"line":4,"column":58}},"type":"cond-expr","locations":[{"start":{"line":4,"column":35},"end":{"line":4,"column":44}},{"start":{"line":4,"column":47},"end":{"line":4,"column":58}}],"line":4},"2":{"loc":{"start":{"line":5,"column":23},"end":{"line":5,"column":58}},"type":"cond-expr","locations":[{"start":{"line":5,"column":35},"end":{"line":5,"column":44}},{"start":{"line":5,"column":47},"end":{"line":5,"column":58}}],"line":5},"3":{"loc":{"start":{"line":7,"column":21},"end":{"line":7,"column":39}},"type":"cond-expr","locations":[{"start":{"line":7,"column":34},"end":{"line":7,"column":35}},{"start":{"line":7,"column":38},"end":{"line":7,"column":39}}],"line":7},"4":{"loc":{"start":{"line":10,"column":9},"end":{"line":10,"column":79}},"type":"cond-expr","locations":[{"start":{"line":10,"column":55},"end":{"line":10,"column":65}},{"start":{"line":10,"column":68},"end":{"line":10,"column":79}}],"line":10}},"s":{"0":2,"1":14,"2":14,"3":14,"4":14,"5":14},"f":{"0":14},"b":{"0":[14],"1":[9,5],"2":[9,5],"3":[14,0],"4":[11,3]},"_coverageSchema":"43e27e138ebf9cfc5966b082cf9a028302ed4184","hash":"57e9e7abc35ac57ccbb8ffea4f22a85a3d896c14"}
}
