{"/home/ron/JS/Workspace/cv-webapp/client/src/app.js": {"path":"/home/ron/JS/Workspace/cv-webapp/client/src/app.js","statementMap":{"0":{"start":{"line":17,"column":15},"end":{"line":17,"column":38}},"1":{"start":{"line":19,"column":15},"end":{"line":26,"column":3}},"2":{"start":{"line":20,"column":2},"end":{"line":26,"column":3}},"3":{"start":{"line":28,"column":12},"end":{"line":143,"column":1}},"4":{"start":{"line":29,"column":36},"end":{"line":29,"column":55}},"5":{"start":{"line":30,"column":32},"end":{"line":30,"column":51}},"6":{"start":{"line":31,"column":26},"end":{"line":31,"column":45}},"7":{"start":{"line":32,"column":32},"end":{"line":32,"column":51}},"8":{"start":{"line":33,"column":32},"end":{"line":33,"column":51}},"9":{"start":{"line":35,"column":37},"end":{"line":38,"column":4}},"10":{"start":{"line":40,"column":23},"end":{"line":63,"column":3}},"11":{"start":{"line":41,"column":4},"end":{"line":62,"column":5}},"12":{"start":{"line":42,"column":23},"end":{"line":45,"column":8}},"13":{"start":{"line":47,"column":6},"end":{"line":47,"column":34}},"14":{"start":{"line":49,"column":26},"end":{"line":52,"column":7}},"15":{"start":{"line":54,"column":6},"end":{"line":54,"column":52}},"16":{"start":{"line":56,"column":6},"end":{"line":56,"column":30}},"17":{"start":{"line":57,"column":6},"end":{"line":57,"column":34}},"18":{"start":{"line":58,"column":6},"end":{"line":58,"column":40}},"19":{"start":{"line":59,"column":6},"end":{"line":59,"column":40}},"20":{"start":{"line":61,"column":6},"end":{"line":61,"column":32}},"21":{"start":{"line":65,"column":16},"end":{"line":65,"column":37}},"22":{"start":{"line":67,"column":2},"end":{"line":142,"column":4}},"23":{"start":{"line":89,"column":12},"end":{"line":92,"column":15}},"24":{"start":{"line":113,"column":12},"end":{"line":113,"column":50}},"25":{"start":{"line":122,"column":26},"end":{"line":122,"column":47}},"26":{"start":{"line":123,"column":12},"end":{"line":123,"column":31}},"27":{"start":{"line":124,"column":12},"end":{"line":124,"column":48}}},"fnMap":{"0":{"name":"(anonymous_0)","decl":{"start":{"line":19,"column":15},"end":{"line":19,"column":16}},"loc":{"start":{"line":20,"column":2},"end":{"line":26,"column":3}},"line":20},"1":{"name":"(anonymous_1)","decl":{"start":{"line":28,"column":12},"end":{"line":28,"column":13}},"loc":{"start":{"line":28,"column":18},"end":{"line":143,"column":1}},"line":28},"2":{"name":"(anonymous_2)","decl":{"start":{"line":40,"column":23},"end":{"line":40,"column":24}},"loc":{"start":{"line":40,"column":35},"end":{"line":63,"column":3}},"line":40},"3":{"name":"(anonymous_3)","decl":{"start":{"line":88,"column":19},"end":{"line":88,"column":20}},"loc":{"start":{"line":88,"column":25},"end":{"line":93,"column":11}},"line":88},"4":{"name":"(anonymous_4)","decl":{"start":{"line":112,"column":19},"end":{"line":112,"column":20}},"loc":{"start":{"line":112,"column":25},"end":{"line":114,"column":11}},"line":112},"5":{"name":"(anonymous_5)","decl":{"start":{"line":121,"column":19},"end":{"line":121,"column":20}},"loc":{"start":{"line":121,"column":31},"end":{"line":125,"column":11}},"line":121}},"branchMap":{"0":{"loc":{"start":{"line":20,"column":2},"end":{"line":26,"column":3}},"type":"binary-expr","locations":[{"start":{"line":20,"column":2},"end":{"line":20,"column":20}},{"start":{"line":20,"column":24},"end":{"line":26,"column":3}}],"line":20},"1":{"loc":{"start":{"line":131,"column":7},"end":{"line":140,"column":7}},"type":"cond-expr","locations":[{"start":{"line":132,"column":8},"end":{"line":137,"column":13}},{"start":{"line":139,"column":8},"end":{"line":139,"column":19}}],"line":131}},"s":{"0":0,"1":0,"2":0,"3":0,"4":0,"5":0,"6":0,"7":0,"8":0,"9":0,"10":0,"11":0,"12":0,"13":0,"14":0,"15":0,"16":0,"17":0,"18":0,"19":0,"20":0,"21":0,"22":0,"23":0,"24":0,"25":0,"26":0,"27":0},"f":{"0":0,"1":0,"2":0,"3":0,"4":0,"5":0},"b":{"0":[0,0],"1":[0,0]},"hash":"fcbb3fd467e313ae941950feedf7e41f0e1f6265"}
,"/home/ron/JS/Workspace/cv-webapp/client/src/components/ContactDetails.js": {"path":"/home/ron/JS/Workspace/cv-webapp/client/src/components/ContactDetails.js","statementMap":{"0":{"start":{"line":11,"column":15},"end":{"line":18,"column":1}},"1":{"start":{"line":20,"column":23},"end":{"line":28,"column":1}},"2":{"start":{"line":21,"column":2},"end":{"line":27,"column":9}}},"fnMap":{"0":{"name":"(anonymous_0)","decl":{"start":{"line":20,"column":23},"end":{"line":20,"column":24}},"loc":{"start":{"line":21,"column":2},"end":{"line":27,"column":9}},"line":21}},"branchMap":{"0":{"loc":{"start":{"line":22,"column":5},"end":{"line":22,"column":66}},"type":"binary-expr","locations":[{"start":{"line":22,"column":5},"end":{"line":22,"column":10}},{"start":{"line":22,"column":14},"end":{"line":22,"column":66}}],"line":22},"1":{"loc":{"start":{"line":23,"column":5},"end":{"line":23,"column":74}},"type":"binary-expr","locations":[{"start":{"line":23,"column":5},"end":{"line":23,"column":16}},{"start":{"line":23,"column":20},"end":{"line":23,"column":74}}],"line":23},"2":{"loc":{"start":{"line":24,"column":5},"end":{"line":26,"column":5}},"type":"binary-expr","locations":[{"start":{"line":24,"column":5},"end":{"line":24,"column":12}},{"start":{"line":25,"column":6},"end":{"line":25,"column":97}}],"line":24},"3":{"loc":{"start":{"line":25,"column":27},"end":{"line":25,"column":50}},"type":"binary-expr","locations":[{"start":{"line":25,"column":27},"end":{"line":25,"column":34}},{"start":{"line":25,"column":38},"end":{"line":25,"column":50}}],"line":25},"4":{"loc":{"start":{"line":25,"column":70},"end":{"line":25,"column":93}},"type":"binary-expr","locations":[{"start":{"line":25,"column":70},"end":{"line":25,"column":77}},{"start":{"line":25,"column":81},"end":{"line":25,"column":93}}],"line":25}},"s":{"0":1,"1":1,"2":0},"f":{"0":0},"b":{"0":[0,0],"1":[0,0],"2":[0,0],"3":[0,0],"4":[0,0]},"_coverageSchema":"43e27e138ebf9cfc5966b082cf9a028302ed4184","hash":"a948e12089c375582265407cbb5336fc3ebbc475"}
,"/home/ron/JS/Workspace/cv-webapp/client/src/components/SectionCourses.js": {"path":"/home/ron/JS/Workspace/cv-webapp/client/src/components/SectionCourses.js","statementMap":{"0":{"start":{"line":10,"column":26},"end":{"line":10,"column":62}},"1":{"start":{"line":10,"column":37},"end":{"line":10,"column":61}},"2":{"start":{"line":12,"column":23},"end":{"line":20,"column":1}},"3":{"start":{"line":13,"column":2},"end":{"line":19,"column":12}},"4":{"start":{"line":17,"column":52},"end":{"line":17,"column":95}},"5":{"start":{"line":22,"column":0},"end":{"line":24,"column":2}},"6":{"start":{"line":26,"column":0},"end":{"line":30,"column":2}}},"fnMap":{"0":{"name":"(anonymous_0)","decl":{"start":{"line":10,"column":26},"end":{"line":10,"column":27}},"loc":{"start":{"line":10,"column":37},"end":{"line":10,"column":61}},"line":10},"1":{"name":"(anonymous_1)","decl":{"start":{"line":12,"column":23},"end":{"line":12,"column":24}},"loc":{"start":{"line":13,"column":2},"end":{"line":19,"column":12}},"line":13},"2":{"name":"(anonymous_2)","decl":{"start":{"line":17,"column":42},"end":{"line":17,"column":43}},"loc":{"start":{"line":17,"column":52},"end":{"line":17,"column":95}},"line":17}},"branchMap":{"0":{"loc":{"start":{"line":10,"column":37},"end":{"line":10,"column":61}},"type":"cond-expr","locations":[{"start":{"line":10,"column":55},"end":{"line":10,"column":56}},{"start":{"line":10,"column":59},"end":{"line":10,"column":61}}],"line":10},"1":{"loc":{"start":{"line":16,"column":7},"end":{"line":17,"column":96}},"type":"binary-expr","locations":[{"start":{"line":16,"column":7},"end":{"line":16,"column":14}},{"start":{"line":17,"column":8},"end":{"line":17,"column":96}}],"line":16}},"s":{"0":1,"1":24,"2":1,"3":6,"4":25,"5":1,"6":1},"f":{"0":24,"1":6,"2":25},"b":{"0":[20,4],"1":[6,6]},"_coverageSchema":"43e27e138ebf9cfc5966b082cf9a028302ed4184","hash":"0fe8c40b59dc1ca8e88b7e6caaf139a9f755e456"}
,"/home/ron/JS/Workspace/cv-webapp/client/src/components/SectionJobs.js": {"path":"/home/ron/JS/Workspace/cv-webapp/client/src/components/SectionJobs.js","statementMap":{"0":{"start":{"line":9,"column":20},"end":{"line":17,"column":1}},"1":{"start":{"line":10,"column":2},"end":{"line":16,"column":12}},"2":{"start":{"line":19,"column":0},"end":{"line":21,"column":2}},"3":{"start":{"line":23,"column":0},"end":{"line":25,"column":2}}},"fnMap":{"0":{"name":"(anonymous_0)","decl":{"start":{"line":9,"column":20},"end":{"line":9,"column":21}},"loc":{"start":{"line":10,"column":2},"end":{"line":16,"column":12}},"line":10}},"branchMap":{},"s":{"0":1,"1":3,"2":1,"3":1},"f":{"0":3},"b":{},"_coverageSchema":"43e27e138ebf9cfc5966b082cf9a028302ed4184","hash":"f04b3c5bf7b708ce86fa654f159f26fce40f7feb"}
,"/home/ron/JS/Workspace/cv-webapp/client/src/components/SectionProfile.js": {"path":"/home/ron/JS/Workspace/cv-webapp/client/src/components/SectionProfile.js","statementMap":{"0":{"start":{"line":9,"column":23},"end":{"line":19,"column":1}},"1":{"start":{"line":10,"column":2},"end":{"line":18,"column":16}},"2":{"start":{"line":21,"column":0},"end":{"line":24,"column":2}},"3":{"start":{"line":26,"column":0},"end":{"line":29,"column":2}}},"fnMap":{"0":{"name":"(anonymous_0)","decl":{"start":{"line":9,"column":23},"end":{"line":9,"column":24}},"loc":{"start":{"line":10,"column":2},"end":{"line":18,"column":16}},"line":10}},"branchMap":{"0":{"loc":{"start":{"line":17,"column":24},"end":{"line":17,"column":52}},"type":"binary-expr","locations":[{"start":{"line":17,"column":24},"end":{"line":17,"column":31}},{"start":{"line":17,"column":35},"end":{"line":17,"column":52}}],"line":17}},"s":{"0":1,"1":4,"2":1,"3":1},"f":{"0":4},"b":{"0":[4,4]},"_coverageSchema":"43e27e138ebf9cfc5966b082cf9a028302ed4184","hash":"92b36710066d7cc09093fa8cbccdd7d05f4dbe19"}
,"/home/ron/JS/Workspace/cv-webapp/client/src/components/SectionStudies.js": {"path":"/home/ron/JS/Workspace/cv-webapp/client/src/components/SectionStudies.js","statementMap":{"0":{"start":{"line":11,"column":31},"end":{"line":16,"column":1}},"1":{"start":{"line":12,"column":23},"end":{"line":12,"column":58}},"2":{"start":{"line":13,"column":23},"end":{"line":13,"column":58}},"3":{"start":{"line":15,"column":2},"end":{"line":15,"column":62}},"4":{"start":{"line":18,"column":23},"end":{"line":26,"column":1}},"5":{"start":{"line":19,"column":2},"end":{"line":25,"column":12}},"6":{"start":{"line":23,"column":56},"end":{"line":23,"column":96}},"7":{"start":{"line":28,"column":0},"end":{"line":30,"column":2}},"8":{"start":{"line":32,"column":0},"end":{"line":36,"column":2}}},"fnMap":{"0":{"name":"(anonymous_0)","decl":{"start":{"line":11,"column":31},"end":{"line":11,"column":32}},"loc":{"start":{"line":11,"column":41},"end":{"line":16,"column":1}},"line":11},"1":{"name":"(anonymous_1)","decl":{"start":{"line":18,"column":23},"end":{"line":18,"column":24}},"loc":{"start":{"line":19,"column":2},"end":{"line":25,"column":12}},"line":19},"2":{"name":"(anonymous_2)","decl":{"start":{"line":23,"column":47},"end":{"line":23,"column":48}},"loc":{"start":{"line":23,"column":56},"end":{"line":23,"column":96}},"line":23}},"branchMap":{"0":{"loc":{"start":{"line":12,"column":23},"end":{"line":12,"column":58}},"type":"cond-expr","locations":[{"start":{"line":12,"column":35},"end":{"line":12,"column":44}},{"start":{"line":12,"column":47},"end":{"line":12,"column":58}}],"line":12},"1":{"loc":{"start":{"line":13,"column":23},"end":{"line":13,"column":58}},"type":"cond-expr","locations":[{"start":{"line":13,"column":35},"end":{"line":13,"column":44}},{"start":{"line":13,"column":47},"end":{"line":13,"column":58}}],"line":13},"2":{"loc":{"start":{"line":15,"column":9},"end":{"line":15,"column":61}},"type":"cond-expr","locations":[{"start":{"line":15,"column":55},"end":{"line":15,"column":56}},{"start":{"line":15,"column":59},"end":{"line":15,"column":61}}],"line":15},"3":{"loc":{"start":{"line":22,"column":7},"end":{"line":23,"column":97}},"type":"binary-expr","locations":[{"start":{"line":22,"column":7},"end":{"line":22,"column":14}},{"start":{"line":23,"column":8},"end":{"line":23,"column":97}}],"line":22}},"s":{"0":1,"1":10,"2":10,"3":10,"4":1,"5":6,"6":15,"7":1,"8":1},"f":{"0":10,"1":6,"2":15},"b":{"0":[5,5],"1":[5,5],"2":[8,2],"3":[6,6]},"_coverageSchema":"43e27e138ebf9cfc5966b082cf9a028302ed4184","hash":"b6ea5bf2128623c0018bcf13d6f8da432048957d"}
,"/home/ron/JS/Workspace/cv-webapp/client/src/hooks/useFileLoader.js": {"path":"/home/ron/JS/Workspace/cv-webapp/client/src/hooks/useFileLoader.js","statementMap":{"0":{"start":{"line":4,"column":22},"end":{"line":41,"column":1}},"1":{"start":{"line":5,"column":26},"end":{"line":5,"column":40}},"2":{"start":{"line":6,"column":19},"end":{"line":6,"column":59}},"3":{"start":{"line":8,"column":18},"end":{"line":20,"column":3}},"4":{"start":{"line":9,"column":4},"end":{"line":19,"column":5}},"5":{"start":{"line":10,"column":23},"end":{"line":13,"column":8}},"6":{"start":{"line":14,"column":19},"end":{"line":14,"column":72}},"7":{"start":{"line":15,"column":6},"end":{"line":15,"column":20}},"8":{"start":{"line":16,"column":6},"end":{"line":16,"column":32}},"9":{"start":{"line":18,"column":6},"end":{"line":18,"column":64}},"10":{"start":{"line":22,"column":21},"end":{"line":34,"column":3}},"11":{"start":{"line":23,"column":4},"end":{"line":33,"column":5}},"12":{"start":{"line":24,"column":6},"end":{"line":28,"column":9}},"13":{"start":{"line":29,"column":6},"end":{"line":29,"column":20}},"14":{"start":{"line":31,"column":6},"end":{"line":31,"column":23}},"15":{"start":{"line":36,"column":2},"end":{"line":40,"column":4}}},"fnMap":{"0":{"name":"(anonymous_0)","decl":{"start":{"line":4,"column":22},"end":{"line":4,"column":23}},"loc":{"start":{"line":4,"column":33},"end":{"line":41,"column":1}},"line":4},"1":{"name":"(anonymous_1)","decl":{"start":{"line":8,"column":18},"end":{"line":8,"column":19}},"loc":{"start":{"line":8,"column":31},"end":{"line":20,"column":3}},"line":8},"2":{"name":"(anonymous_2)","decl":{"start":{"line":22,"column":21},"end":{"line":22,"column":22}},"loc":{"start":{"line":22,"column":43},"end":{"line":34,"column":3}},"line":22}},"branchMap":{},"s":{"0":0,"1":0,"2":0,"3":0,"4":0,"5":0,"6":0,"7":0,"8":0,"9":0,"10":0,"11":0,"12":0,"13":0,"14":0,"15":0},"f":{"0":0,"1":0,"2":0},"b":{},"hash":"9d4dd2c517cee5cc2d14d7984097a08df8fcb822"}
,"/home/ron/JS/Workspace/cv-webapp/client/src/propTypeShapes/propTypeShapes.js": {"path":"/home/ron/JS/Workspace/cv-webapp/client/src/propTypeShapes/propTypeShapes.js","statementMap":{"0":{"start":{"line":1,"column":23},"end":{"line":12,"column":1}},"1":{"start":{"line":14,"column":21},"end":{"line":18,"column":1}}},"fnMap":{},"branchMap":{},"s":{"0":0,"1":0},"f":{},"b":{},"hash":"934e50c41831d74a9a546a38214a8c2738b6ea5e"}
,"/home/ron/JS/Workspace/cv-webapp/client/src/tests/testUtils.js": {"path":"/home/ron/JS/Workspace/cv-webapp/client/src/tests/testUtils.js","statementMap":{"0":{"start":{"line":10,"column":26},"end":{"line":13,"column":1}},"1":{"start":{"line":11,"column":20},"end":{"line":11,"column":96}},"2":{"start":{"line":12,"column":2},"end":{"line":12,"column":36}},"3":{"start":{"line":22,"column":30},"end":{"line":22,"column":84}},"4":{"start":{"line":22,"column":48},"end":{"line":22,"column":84}}},"fnMap":{"0":{"name":"(anonymous_0)","decl":{"start":{"line":10,"column":26},"end":{"line":10,"column":27}},"loc":{"start":{"line":10,"column":58},"end":{"line":13,"column":1}},"line":10},"1":{"name":"(anonymous_1)","decl":{"start":{"line":22,"column":30},"end":{"line":22,"column":31}},"loc":{"start":{"line":22,"column":48},"end":{"line":22,"column":84}},"line":22}},"branchMap":{},"s":{"0":0,"1":0,"2":0,"3":0,"4":0},"f":{"0":0,"1":0},"b":{},"hash":"6d2549e8f1d971d5b82dab5873ac8e216b14154e"}
}
