TN:
SF:/home/ron/JS/Workspace/cv-webapp/client/src/app.js
FN:23,(anonymous_0)
FN:32,(anonymous_1)
FN:43,(anonymous_2)
FN:85,(anonymous_3)
FN:91,(anonymous_4)
FNF:5
FNH:0
FNDA:0,(anonymous_0)
FNDA:0,(anonymous_1)
FNDA:0,(anonymous_2)
FNDA:0,(anonymous_3)
FNDA:0,(anonymous_4)
DA:21,0
DA:23,0
DA:24,0
DA:32,0
DA:33,0
DA:34,0
DA:35,0
DA:36,0
DA:38,0
DA:43,0
DA:44,0
DA:45,0
DA:50,0
DA:51,0
DA:52,0
DA:53,0
DA:54,0
DA:56,0
DA:58,0
DA:74,0
DA:75,0
DA:82,0
DA:85,0
DA:92,0
DA:93,0
LF:25
LH:0
BRDA:24,0,0,0
BRDA:24,0,1,0
BRDA:74,1,0,0
BRDA:74,1,1,0
BRDA:152,2,0,0
BRDA:152,2,1,0
BRF:6
BRH:0
end_of_record
TN:
SF:/home/ron/JS/Workspace/cv-webapp/client/src/components/ScreenLogin.js
FN:18,(anonymous_0)
FN:24,(anonymous_1)
FNF:2
FNH:0
FNDA:0,(anonymous_0)
FNDA:0,(anonymous_1)
DA:18,0
DA:19,0
DA:21,0
DA:22,0
DA:24,0
DA:25,0
DA:26,0
DA:34,0
LF:8
LH:0
BRF:0
BRH:0
end_of_record
TN:
SF:/home/ron/JS/Workspace/cv-webapp/client/src/components/SectionCourses.js
FN:9,(anonymous_0)
FN:11,(anonymous_1)
FN:18,(anonymous_2)
FNF:3
FNH:3
FNDA:24,(anonymous_0)
FNDA:6,(anonymous_1)
FNDA:25,(anonymous_2)
DA:9,24
DA:11,1
DA:12,6
DA:18,25
DA:23,1
DA:27,1
LF:6
LH:6
BRDA:9,0,0,20
BRDA:9,0,1,4
BRDA:15,1,0,6
BRDA:15,1,1,6
BRF:4
BRH:4
end_of_record
TN:
SF:/home/ron/JS/Workspace/cv-webapp/client/src/components/SectionJobs.js
FN:13,(anonymous_0)
FN:20,(anonymous_1)
FNF:2
FNH:2
FNDA:5,(anonymous_0)
FNDA:8,(anonymous_1)
DA:13,1
DA:14,5
DA:21,8
DA:31,1
DA:35,1
LF:5
LH:5
BRDA:17,0,0,5
BRDA:17,0,1,5
BRF:2
BRH:2
end_of_record
TN:
SF:/home/ron/JS/Workspace/cv-webapp/client/src/components/SectionStudies.js
FN:10,(anonymous_0)
FN:17,(anonymous_1)
FNF:2
FNH:2
FNDA:6,(anonymous_0)
FNDA:15,(anonymous_1)
DA:10,1
DA:11,6
DA:17,15
DA:22,1
DA:26,1
LF:5
LH:5
BRDA:14,0,0,6
BRDA:14,0,1,6
BRF:2
BRH:2
end_of_record
TN:
SF:/home/ron/JS/Workspace/cv-webapp/client/src/contexts/auth.js
FNF:0
FNH:0
DA:3,0
LF:1
LH:0
BRF:0
BRH:0
end_of_record
TN:
SF:/home/ron/JS/Workspace/cv-webapp/client/src/hooks/useAuthHandler.js
FN:15,(anonymous_0)
FN:41,(anonymous_1)
FN:46,(anonymous_2)
FN:51,useAuthHandler
FN:56,(anonymous_4)
FN:62,_makeRequest
FN:88,login
FNF:7
FNH:0
FNDA:0,(anonymous_0)
FNDA:0,(anonymous_1)
FNDA:0,(anonymous_2)
FNDA:0,useAuthHandler
FNDA:0,(anonymous_4)
FNDA:0,_makeRequest
FNDA:0,login
DA:5,0
DA:7,0
DA:15,0
DA:16,0
DA:18,0
DA:25,0
DA:31,0
DA:35,0
DA:41,0
DA:46,0
DA:52,0
DA:53,0
DA:54,0
DA:56,0
DA:57,0
DA:58,0
DA:63,0
DA:64,0
DA:65,0
DA:69,0
DA:71,0
DA:72,0
DA:77,0
DA:79,0
DA:83,0
DA:89,0
DA:90,0
DA:92,0
DA:95,0
DA:104,0
DA:106,0
DA:110,0
LF:32
LH:0
BRDA:16,0,0,0
BRDA:16,0,1,0
BRDA:16,0,2,0
BRDA:57,1,0,0
BRDA:57,1,1,0
BRDA:63,2,0,0
BRDA:63,2,1,0
BRF:7
BRH:0
end_of_record
TN:
SF:/home/ron/JS/Workspace/cv-webapp/client/src/hooks/useFileLoader.js
FN:80,(anonymous_0)
FN:84,(anonymous_1)
FN:100,(anonymous_2)
FNF:3
FNH:3
FNDA:10,(anonymous_0)
FNDA:3,(anonymous_1)
FNDA:3,(anonymous_2)
DA:80,1
DA:81,10
DA:82,10
DA:84,10
DA:85,3
DA:86,3
DA:91,3
DA:92,3
DA:93,3
DA:95,0
DA:96,0
DA:100,10
DA:101,3
DA:102,3
DA:107,3
DA:109,0
DA:114,10
LF:17
LH:14
BRF:0
BRH:0
end_of_record
TN:
SF:/home/ron/JS/Workspace/cv-webapp/client/src/hooks/useInputField.js
FN:3,(anonymous_0)
FN:6,(anonymous_1)
FNF:2
FNH:0
FNDA:0,(anonymous_0)
FNDA:0,(anonymous_1)
DA:3,0
DA:4,0
DA:6,0
DA:7,0
DA:8,0
DA:11,0
LF:6
LH:0
BRF:0
BRH:0
end_of_record
TN:
SF:/home/ron/JS/Workspace/cv-webapp/client/src/styles/setTimelineStyles.js
FN:3,(anonymous_0)
FN:10,(anonymous_1)
FN:17,(anonymous_2)
FN:23,(anonymous_3)
FNF:4
FNH:4
FNDA:8,(anonymous_0)
FNDA:8,(anonymous_1)
FNDA:8,(anonymous_2)
FNDA:8,(anonymous_3)
DA:3,1
DA:6,8
DA:7,8
DA:10,1
DA:13,8
DA:14,8
DA:17,1
DA:19,8
DA:20,8
DA:23,1
DA:24,8
DA:25,8
DA:27,8
LF:13
LH:13
BRDA:6,0,0,8
BRDA:6,0,1,4
BRDA:7,1,0,4
BRDA:7,1,1,4
BRDA:13,2,0,8
BRDA:13,2,1,4
BRDA:14,3,0,4
BRDA:14,3,1,4
BRDA:19,4,0,8
BRDA:19,4,1,4
BRDA:20,5,0,0
BRDA:20,5,1,8
BRF:12
BRH:11
end_of_record
TN:
SF:/home/ron/JS/Workspace/cv-webapp/client/src/tests/testUtils.js
FN:12,(anonymous_0)
FN:24,(anonymous_1)
FN:26,(anonymous_2)
FN:31,(anonymous_3)
FNF:4
FNH:2
FNDA:0,(anonymous_0)
FNDA:0,(anonymous_1)
FNDA:10,(anonymous_2)
FNDA:7,(anonymous_3)
DA:12,1
DA:13,0
DA:14,0
DA:24,1
DA:26,1
DA:27,10
DA:28,10
DA:31,1
DA:32,7
LF:9
LH:7
BRF:0
BRH:0
end_of_record
TN:
SF:/home/ron/JS/Workspace/cv-webapp/client/src/utils/compare.js
FN:3,(anonymous_0)
FNF:1
FNH:1
FNDA:14,(anonymous_0)
DA:3,2
DA:4,14
DA:5,14
DA:7,14
DA:8,14
DA:10,14
LF:6
LH:6
BRDA:3,0,0,14
BRDA:4,1,0,9
BRDA:4,1,1,5
BRDA:5,2,0,9
BRDA:5,2,1,5
BRDA:7,3,0,14
BRDA:7,3,1,0
BRDA:10,4,0,11
BRDA:10,4,1,3
BRF:9
BRH:8
end_of_record
