TN:
SF:/home/ron/JS/Workspace/cv-webapp/client/src/app.js
FN:19,(anonymous_0)
FN:28,(anonymous_1)
FN:40,(anonymous_2)
FN:88,(anonymous_3)
FN:112,(anonymous_4)
FN:121,(anonymous_5)
FNF:6
FNH:0
FNDA:0,(anonymous_0)
FNDA:0,(anonymous_1)
FNDA:0,(anonymous_2)
FNDA:0,(anonymous_3)
FNDA:0,(anonymous_4)
FNDA:0,(anonymous_5)
DA:17,0
DA:19,0
DA:20,0
DA:28,0
DA:29,0
DA:30,0
DA:31,0
DA:32,0
DA:33,0
DA:35,0
DA:40,0
DA:41,0
DA:42,0
DA:47,0
DA:49,0
DA:54,0
DA:56,0
DA:57,0
DA:58,0
DA:59,0
DA:61,0
DA:65,0
DA:67,0
DA:89,0
DA:113,0
DA:122,0
DA:123,0
DA:124,0
LF:28
LH:0
BRDA:20,0,0,0
BRDA:20,0,1,0
BRDA:131,1,0,0
BRDA:131,1,1,0
BRF:4
BRH:0
end_of_record
TN:
SF:/home/ron/JS/Workspace/cv-webapp/client/src/components/ContactDetails.js
FN:20,(anonymous_0)
FNF:1
FNH:0
FNDA:0,(anonymous_0)
DA:11,1
DA:20,1
DA:21,0
LF:3
LH:2
BRDA:22,0,0,0
BRDA:22,0,1,0
BRDA:23,1,0,0
BRDA:23,1,1,0
BRDA:24,2,0,0
BRDA:24,2,1,0
BRDA:25,3,0,0
BRDA:25,3,1,0
BRDA:25,4,0,0
BRDA:25,4,1,0
BRF:10
BRH:0
end_of_record
TN:
SF:/home/ron/JS/Workspace/cv-webapp/client/src/components/SectionCourses.js
FN:10,(anonymous_0)
FN:12,(anonymous_1)
FN:17,(anonymous_2)
FNF:3
FNH:3
FNDA:24,(anonymous_0)
FNDA:6,(anonymous_1)
FNDA:25,(anonymous_2)
DA:10,24
DA:12,1
DA:13,6
DA:17,25
DA:22,1
DA:26,1
LF:6
LH:6
BRDA:10,0,0,20
BRDA:10,0,1,4
BRDA:16,1,0,6
BRDA:16,1,1,6
BRF:4
BRH:4
end_of_record
TN:
SF:/home/ron/JS/Workspace/cv-webapp/client/src/components/SectionJobs.js
FN:9,(anonymous_0)
FNF:1
FNH:1
FNDA:3,(anonymous_0)
DA:9,1
DA:10,3
DA:19,1
DA:23,1
LF:4
LH:4
BRF:0
BRH:0
end_of_record
TN:
SF:/home/ron/JS/Workspace/cv-webapp/client/src/components/SectionProfile.js
FN:9,(anonymous_0)
FNF:1
FNH:1
FNDA:4,(anonymous_0)
DA:9,1
DA:10,4
DA:21,1
DA:26,1
LF:4
LH:4
BRDA:17,0,0,4
BRDA:17,0,1,4
BRF:2
BRH:2
end_of_record
TN:
SF:/home/ron/JS/Workspace/cv-webapp/client/src/components/SectionStudies.js
FN:11,(anonymous_0)
FN:18,(anonymous_1)
FN:23,(anonymous_2)
FNF:3
FNH:3
FNDA:10,(anonymous_0)
FNDA:6,(anonymous_1)
FNDA:15,(anonymous_2)
DA:11,1
DA:12,10
DA:13,10
DA:15,10
DA:18,1
DA:19,6
DA:23,15
DA:28,1
DA:32,1
LF:9
LH:9
BRDA:12,0,0,5
BRDA:12,0,1,5
BRDA:13,1,0,5
BRDA:13,1,1,5
BRDA:15,2,0,8
BRDA:15,2,1,2
BRDA:22,3,0,6
BRDA:22,3,1,6
BRF:8
BRH:8
end_of_record
TN:
SF:/home/ron/JS/Workspace/cv-webapp/client/src/hooks/useFileLoader.js
FN:4,(anonymous_0)
FN:8,(anonymous_1)
FN:22,(anonymous_2)
FNF:3
FNH:0
FNDA:0,(anonymous_0)
FNDA:0,(anonymous_1)
FNDA:0,(anonymous_2)
DA:4,0
DA:5,0
DA:6,0
DA:8,0
DA:9,0
DA:10,0
DA:14,0
DA:15,0
DA:16,0
DA:18,0
DA:22,0
DA:23,0
DA:24,0
DA:29,0
DA:31,0
DA:36,0
LF:16
LH:0
BRF:0
BRH:0
end_of_record
TN:
SF:/home/ron/JS/Workspace/cv-webapp/client/src/propTypeShapes/propTypeShapes.js
FNF:0
FNH:0
DA:1,0
DA:14,0
LF:2
LH:0
BRF:0
BRH:0
end_of_record
TN:
SF:/home/ron/JS/Workspace/cv-webapp/client/src/tests/testUtils.js
FN:10,(anonymous_0)
FN:22,(anonymous_1)
FNF:2
FNH:0
FNDA:0,(anonymous_0)
FNDA:0,(anonymous_1)
DA:10,0
DA:11,0
DA:12,0
DA:22,0
LF:4
LH:0
BRF:0
BRH:0
end_of_record
